Using pre-set license
Built from '2020.3/release' branch; Version is '2020.3.12f1 (b3b2c6512326) revision 11776710'; Using compiler version '192528614'; Build Type 'Release'
OS: 'Windows 10 Home; OS build 19042.1052; Version 2009; 64bit' Language: 'zh' Physical Memory: 24496 MB
BatchMode: 1, IsHumanControllingUs: 0, StartBugReporterOnCrash: 0, Is64bit: 1, IsPro: 0

 COMMAND LINE ARGUMENTS:
C:\Program Files\Unity\Hub\Editor\2020.3.12f1\Editor\Unity.exe
-adb2
-batchMode
-noUpm
-name
AssetImportWorker0
-projectPath
C:/Users/starr/Documents/GitHub/Unity2020_0626_2DGAME/2D GAME
-logFile
Logs/AssetImportWorker0.log
-srvPort
56684
Successfully changed project path to: C:/Users/starr/Documents/GitHub/Unity2020_0626_2DGAME/2D GAME
C:/Users/starr/Documents/GitHub/Unity2020_0626_2DGAME/2D GAME
Using Asset Import Pipeline V2.
Refreshing native plugins compatible for Editor in 37.62 ms, found 3 plugins.
Preloading 0 native plugins for Editor in 0.00 ms.
Initialize engine version: 2020.3.12f1 (b3b2c6512326)
[Subsystems] Discovering subsystems at path C:/Program Files/Unity/Hub/Editor/2020.3.12f1/Editor/Data/Resources/UnitySubsystems
[Subsystems] Discovering subsystems at path C:/Users/starr/Documents/GitHub/Unity2020_0626_2DGAME/2D GAME/Assets
GfxDevice: creating device client; threaded=0
Direct3D:
    Version:  Direct3D 11.0 [level 11.1]
    Renderer: NVIDIA GeForce GTX 1660 Ti (ID=0x2191)
    Vendor:   
    VRAM:     5991 MB
    Driver:   27.21.14.5638
Initialize mono
Mono path[0] = 'C:/Program Files/Unity/Hub/Editor/2020.3.12f1/Editor/Data/Managed'
Mono path[1] = 'C:/Program Files/Unity/Hub/Editor/2020.3.12f1/Editor/Data/MonoBleedingEdge/lib/mono/unityjit'
Mono config path = 'C:/Program Files/Unity/Hub/Editor/2020.3.12f1/Editor/Data/MonoBleedingEdge/etc'
Using monoOptions --debugger-agent=transport=dt_socket,embedding=1,server=y,suspend=n,address=127.0.0.1:56916
Begin MonoManager ReloadAssembly
Registering precompiled unity dll's ...
Register platform support module: C:/Program Files/Unity/Hub/Editor/2020.3.12f1/Editor/Data/PlaybackEngines/WindowsStandaloneSupport/UnityEditor.WindowsStandalone.Extensions.dll
Registered in 0.001521 seconds.
Native extension for WindowsStandalone target not found
Refreshing native plugins compatible for Editor in 37.65 ms, found 3 plugins.
Preloading 0 native plugins for Editor in 0.00 ms.
Mono: successfully reloaded assembly
- Completed reload, in  0.921 seconds
Platform modules already initialized, skipping
Registering precompiled user dll's ...
Registered in 0.003192 seconds.
Begin MonoManager ReloadAssembly
Native extension for WindowsStandalone target not found
Refreshing native plugins compatible for Editor in 37.77 ms, found 3 plugins.
Preloading 0 native plugins for Editor in 0.00 ms.
Mono: successfully reloaded assembly
- Completed reload, in  1.004 seconds
Platform modules already initialized, skipping
========================================================================
Worker process is ready to serve import requests
Launched and connected shader compiler UnityShaderCompiler.exe after 0.04 seconds
Refreshing native plugins compatible for Editor in 0.39 ms, found 3 plugins.
Preloading 0 native plugins for Editor in 0.00 ms.
Unloading 2080 Unused Serialized files (Serialized files now loaded: 0)
System memory in use before: 93.0 MB.
System memory in use after: 93.0 MB.

Unloading 33 unused Assets to reduce memory usage. Loaded Objects now: 2515.
Total: 2.199600 ms (FindLiveObjects: 0.180700 ms CreateObjectMapping: 0.075900 ms MarkObjects: 1.829500 ms  DeleteObjects: 0.112500 ms)

AssetImportParameters requested are different than current active one (requested -> active):
  custom:framework-win-MediaFoundation: 216162199b28c13a410421893ffa2e32 -> 
  custom:video-decoder-ogg-theora: a1e56fd34408186e4bbccfd4996cb3dc -> 
  custom:container-muxer-webm: aa71ff27fc2769a1b78a27578f13a17b -> 
  custom:container-demuxer-webm: 4f35f7cbe854078d1ac9338744f61a02 -> 
  custom:container-demuxer-ogg: 62fdf1f143b41e24485cea50d1cbac27 -> 
  custom:video-encoder-webm-vp8: eb34c28f22e8b96e1ab97ce403110664 -> 
  custom:video-codec-MediaFoundation-h265: 746d11721c4dcdbdad8f713fa42b33f4 -> 
  custom:video-decoder-webm-vp8: 9c59270c3fd7afecdb556c50c9e8de78 -> 
  custom:audio-decoder-ogg-vorbis: bf7c407c2cedff20999df2af8eb42d56 -> 
  custom:audio-encoder-webm-vorbis: bf7c407c2cedff20999df2af8eb42d56 -> 
========================================================================
Received Import Request.
  path: Assets/素材/New Project.png
  artifactKey: Guid(a75801d813d6b9943bb804ae5d9a4f61) Importer(815301076,1909f56bfc062723c751e8b465ee728b)
Start importing Assets/素材/New Project.png using Guid(a75801d813d6b9943bb804ae5d9a4f61) Importer(815301076,1909f56bfc062723c751e8b465ee728b)  -> (artifact id: '4e6d51f9fdd88356aa17cc08dc629a43') in 0.105074 seconds 
  Import took 0.107971 seconds .

========================================================================
Received Import Request.
  Time since last request: 32.500886 seconds.
  path: Assets/素材/New Material.mat
  artifactKey: Guid(44724673348fa2747ba6f63e40135212) Importer(815301076,1909f56bfc062723c751e8b465ee728b)
Start importing Assets/素材/New Material.mat using Guid(44724673348fa2747ba6f63e40135212) Importer(815301076,1909f56bfc062723c751e8b465ee728b)  -> (artifact id: '20dcc538db8784e8a0f500af25fff112') in 0.040333 seconds 
  Import took 0.043352 seconds .

========================================================================
Received Import Request.
  Time since last request: 121.995729 seconds.
  path: Assets/素材/光點.png
  artifactKey: Guid(a75801d813d6b9943bb804ae5d9a4f61) Importer(815301076,1909f56bfc062723c751e8b465ee728b)
Start importing Assets/素材/光點.png using Guid(a75801d813d6b9943bb804ae5d9a4f61) Importer(815301076,1909f56bfc062723c751e8b465ee728b)  -> (artifact id: '53a1db30a4fbd00f1b18d9f2f86a4708') in 0.014972 seconds 
  Import took 0.018179 seconds .

========================================================================
Received Import Request.
  Time since last request: 10.002831 seconds.
  path: Assets/素材/光點.mat
  artifactKey: Guid(44724673348fa2747ba6f63e40135212) Importer(815301076,1909f56bfc062723c751e8b465ee728b)
Start importing Assets/素材/光點.mat using Guid(44724673348fa2747ba6f63e40135212) Importer(815301076,1909f56bfc062723c751e8b465ee728b)  -> (artifact id: 'ee4a509aa0617ffebea337cefe7c2655') in 0.016515 seconds 
  Import took 0.020191 seconds .

========================================================================
Received Import Request.
  Time since last request: 384.085735 seconds.
  path: Assets/素材/New Project (1).png
  artifactKey: Guid(6c0ad8a477d0e6c47bd9e89419517906) Importer(815301076,1909f56bfc062723c751e8b465ee728b)
Start importing Assets/素材/New Project (1).png using Guid(6c0ad8a477d0e6c47bd9e89419517906) Importer(815301076,1909f56bfc062723c751e8b465ee728b)  -> (artifact id: '4d58b96f6fe6966bd0685850189e628d') in 0.017712 seconds 
  Import took 0.021251 seconds .

========================================================================
Received Import Request.
  Time since last request: 19.060464 seconds.
  path: Assets/素材/光點.png
  artifactKey: Guid(6c0ad8a477d0e6c47bd9e89419517906) Importer(815301076,1909f56bfc062723c751e8b465ee728b)
Start importing Assets/素材/光點.png using Guid(6c0ad8a477d0e6c47bd9e89419517906) Importer(815301076,1909f56bfc062723c751e8b465ee728b)  -> (artifact id: '24f08540e63f70721dcbab1c0d4ff479') in 0.016312 seconds 
  Import took 0.019300 seconds .

========================================================================
Received Import Request.
  Time since last request: 4.558343 seconds.
  path: Assets/素材/New Material.mat
  artifactKey: Guid(4f186aa74a2f840489bff0dd3270413f) Importer(815301076,1909f56bfc062723c751e8b465ee728b)
Start importing Assets/素材/New Material.mat using Guid(4f186aa74a2f840489bff0dd3270413f) Importer(815301076,1909f56bfc062723c751e8b465ee728b)  -> (artifact id: '7eb07df624318d641a7759b89f473b70') in 0.012081 seconds 
  Import took 0.015731 seconds .

========================================================================
Received Import Request.
  Time since last request: 157.661895 seconds.
  path: Assets/素材/光點.mat
  artifactKey: Guid(4f186aa74a2f840489bff0dd3270413f) Importer(815301076,1909f56bfc062723c751e8b465ee728b)
Start importing Assets/素材/光點.mat using Guid(4f186aa74a2f840489bff0dd3270413f) Importer(815301076,1909f56bfc062723c751e8b465ee728b)  -> (artifact id: 'c2669217ae14d869cad1ab939ea5bbb1') in 0.012469 seconds 
  Import took 0.015537 seconds .

========================================================================
Received Import Request.
  Time since last request: 994.678350 seconds.
  path: Assets/素材
  artifactKey: Guid(e6e499f919971764891d18c6c39f567c) Importer(815301076,1909f56bfc062723c751e8b465ee728b)
Start importing Assets/素材 using Guid(e6e499f919971764891d18c6c39f567c) Importer(815301076,1909f56bfc062723c751e8b465ee728b)  -> (artifact id: '0316fb27069ebc64544e1af9e67d04eb') in 0.005815 seconds 
  Import took 0.009361 seconds .

========================================================================
Received Import Request.
  Time since last request: 1695.998043 seconds.
  path: Assets/素材/選單背景.mat
  artifactKey: Guid(322512c5974a79d46afcb80fdc6be4f4) Importer(815301076,1909f56bfc062723c751e8b465ee728b)
Start importing Assets/素材/選單背景.mat using Guid(322512c5974a79d46afcb80fdc6be4f4) Importer(815301076,1909f56bfc062723c751e8b465ee728b)  -> (artifact id: 'be14692fea375cb8e4f238d4ab3c7740') in 0.017104 seconds 
  Import took 0.021154 seconds .

========================================================================
Received Import Request.
  Time since last request: 2487.007144 seconds.
  path: Assets/Cainos
  artifactKey: Guid(45ec17edc80c94940837543b0a0e9cb5) Importer(815301076,1909f56bfc062723c751e8b465ee728b)
Start importing Assets/Cainos using Guid(45ec17edc80c94940837543b0a0e9cb5) Importer(815301076,1909f56bfc062723c751e8b465ee728b)  -> (artifact id: 'a5a1a9093020f75673b1255100653565') in 0.007196 seconds 
  Import took 0.011749 seconds .

========================================================================
Received Import Request.
  Time since last request: 341.170966 seconds.
  path: Assets/Cainos/Pixel Art Platformer - Village Props
  artifactKey: Guid(1f08d781702466b438d35aa7938d8030) Importer(815301076,1909f56bfc062723c751e8b465ee728b)
Start importing Assets/Cainos/Pixel Art Platformer - Village Props using Guid(1f08d781702466b438d35aa7938d8030) Importer(815301076,1909f56bfc062723c751e8b465ee728b)  -> (artifact id: 'a0d0ee06777279a5df54c5441e1b0263') in 0.005234 seconds 
  Import took 0.008784 seconds .

========================================================================
Received Import Request.
  Time since last request: 16.175644 seconds.
  path: Assets/Cainos/Pixel Art Platformer - Village Props/Material
  artifactKey: Guid(9ac4b6a5224288540a1d038f5d6101e2) Importer(815301076,1909f56bfc062723c751e8b465ee728b)
Start importing Assets/Cainos/Pixel Art Platformer - Village Props/Material using Guid(9ac4b6a5224288540a1d038f5d6101e2) Importer(815301076,1909f56bfc062723c751e8b465ee728b)  -> (artifact id: '4c18b5780d5490fccb1b547db360be69') in 0.005718 seconds 
  Import took 0.008792 seconds .

========================================================================
Received Import Request.
  Time since last request: 0.044755 seconds.
  path: Assets/Cainos/Pixel Art Platformer - Village Props/Material/MT FX Particle Torch Fire.mat
  artifactKey: Guid(dce4faabfa7d00147bb7d853e5c1fbf3) Importer(815301076,1909f56bfc062723c751e8b465ee728b)
Start importing Assets/Cainos/Pixel Art Platformer - Village Props/Material/MT FX Particle Torch Fire.mat using Guid(dce4faabfa7d00147bb7d853e5c1fbf3) Importer(815301076,1909f56bfc062723c751e8b465ee728b)  -> (artifact id: 'c90ff633051c9112fb31050bc976cbd0') in 0.049157 seconds 
  Import took 0.052325 seconds .

========================================================================
Received Import Request.
  Time since last request: 0.000305 seconds.
  path: Assets/Cainos/Pixel Art Platformer - Village Props/Material/MT FX Particle Torch Spark.mat
  artifactKey: Guid(23524a906e8f5eb4384f92eb87af52f4) Importer(815301076,1909f56bfc062723c751e8b465ee728b)
Start importing Assets/Cainos/Pixel Art Platformer - Village Props/Material/MT FX Particle Torch Spark.mat using Guid(23524a906e8f5eb4384f92eb87af52f4) Importer(815301076,1909f56bfc062723c751e8b465ee728b)  -> (artifact id: '225e68a24654691f4aedb68393def03a') in 0.009139 seconds 
  Import took 0.011907 seconds .

========================================================================
Received Import Request.
  Time since last request: 0.000231 seconds.
  path: Assets/Cainos/Pixel Art Platformer - Village Props/Material/MT FX Particle Torch Glow.mat
  artifactKey: Guid(6c48dc6ed4cda324b83bb2391ca6fb9a) Importer(815301076,1909f56bfc062723c751e8b465ee728b)
Start importing Assets/Cainos/Pixel Art Platformer - Village Props/Material/MT FX Particle Torch Glow.mat using Guid(6c48dc6ed4cda324b83bb2391ca6fb9a) Importer(815301076,1909f56bfc062723c751e8b465ee728b)  -> (artifact id: 'fe71cf4db70b34234b34505600ccff49') in 0.010006 seconds 
  Import took 0.013145 seconds .

========================================================================
Received Import Request.
  Time since last request: 42.382806 seconds.
  path: Assets/Cainos/Pixel Art Platformer - Village Props/Texture/TX Tileset Ground.png
  artifactKey: Guid(bb35af95735851440927571ef230221b) Importer(815301076,1909f56bfc062723c751e8b465ee728b)
Start importing Assets/Cainos/Pixel Art Platformer - Village Props/Texture/TX Tileset Ground.png using Guid(bb35af95735851440927571ef230221b) Importer(815301076,1909f56bfc062723c751e8b465ee728b)  -> (artifact id: '8bd5a3b5bd8129f3166c5aa0c662e09c') in 0.057139 seconds 
  Import took 0.060342 seconds .

========================================================================
Received Import Request.
  Time since last request: 0.000226 seconds.
  path: Assets/Cainos/Pixel Art Platformer - Village Props/Texture/TX Village Props.png
  artifactKey: Guid(7810966f0f690954c87305933cabf2b0) Importer(815301076,1909f56bfc062723c751e8b465ee728b)
Start importing Assets/Cainos/Pixel Art Platformer - Village Props/Texture/TX Village Props.png using Guid(7810966f0f690954c87305933cabf2b0) Importer(815301076,1909f56bfc062723c751e8b465ee728b)  -> (artifact id: 'd6df726575e22f6b1de712bc2df7808e') in 0.337376 seconds 
  Import took 0.341021 seconds .

========================================================================
Received Import Request.
  Time since last request: 0.000263 seconds.
  path: Assets/Cainos/Pixel Art Platformer - Village Props/Texture/TX Tileset Ground Darken.png
  artifactKey: Guid(157cbc340d2b7e64ab85168e80e95550) Importer(815301076,1909f56bfc062723c751e8b465ee728b)
Start importing Assets/Cainos/Pixel Art Platformer - Village Props/Texture/TX Tileset Ground Darken.png using Guid(157cbc340d2b7e64ab85168e80e95550) Importer(815301076,1909f56bfc062723c751e8b465ee728b)  -> (artifact id: 'dc2fab95ad34d74c9a64aeb484c286e1') in 0.063772 seconds 
  Import took 0.066930 seconds .

========================================================================
Received Import Request.
  Time since last request: 0.007676 seconds.
  path: Assets/Cainos/Pixel Art Platformer - Village Props/Texture/TX Tileset Ground Darken.png
  artifactKey: Guid(157cbc340d2b7e64ab85168e80e95550) Importer(815301076,1909f56bfc062723c751e8b465ee728b)
Start importing Assets/Cainos/Pixel Art Platformer - Village Props/Texture/TX Tileset Ground Darken.png using Guid(157cbc340d2b7e64ab85168e80e95550) Importer(815301076,1909f56bfc062723c751e8b465ee728b)  -> (artifact id: 'dc2fab95ad34d74c9a64aeb484c286e1') in 0.051602 seconds 
  Import took 0.054860 seconds .

========================================================================
Received Import Request.
  Time since last request: 4.036344 seconds.
  path: Assets/Cainos/Pixel Art Platformer - Village Props/Texture/TX Background Grid.png
  artifactKey: Guid(4525736a9d0538940bce8f13f1227b26) Importer(815301076,1909f56bfc062723c751e8b465ee728b)
Start importing Assets/Cainos/Pixel Art Platformer - Village Props/Texture/TX Background Grid.png using Guid(4525736a9d0538940bce8f13f1227b26) Importer(815301076,1909f56bfc062723c751e8b465ee728b)  -> (artifact id: 'f1356049b4987f1ab94b0ca3938456c5') in 0.022933 seconds 
  Import took 0.025962 seconds .

========================================================================
Received Import Request.
  Time since last request: 0.000189 seconds.
  path: Assets/Cainos/Pixel Art Platformer - Village Props/Texture/TX Particle Flame.png
  artifactKey: Guid(cfcfd3af954eeb54cb041fe6d75a983b) Importer(815301076,1909f56bfc062723c751e8b465ee728b)
Start importing Assets/Cainos/Pixel Art Platformer - Village Props/Texture/TX Particle Flame.png using Guid(cfcfd3af954eeb54cb041fe6d75a983b) Importer(815301076,1909f56bfc062723c751e8b465ee728b)  -> (artifact id: '29e8cbfd73e5a2118f525430884e0f6a') in 0.011534 seconds 
  Import took 0.014679 seconds .

========================================================================
Received Import Request.
  Time since last request: 0.000205 seconds.
  path: Assets/Cainos/Pixel Art Platformer - Village Props/Texture/TX Background Grid.png
  artifactKey: Guid(4525736a9d0538940bce8f13f1227b26) Importer(815301076,1909f56bfc062723c751e8b465ee728b)
Start importing Assets/Cainos/Pixel Art Platformer - Village Props/Texture/TX Background Grid.png using Guid(4525736a9d0538940bce8f13f1227b26) Importer(815301076,1909f56bfc062723c751e8b465ee728b)  -> (artifact id: 'f1356049b4987f1ab94b0ca3938456c5') in 0.007103 seconds 
  Import took 0.010387 seconds .

========================================================================
Received Import Request.
  Time since last request: 0.000200 seconds.
  path: Assets/Cainos/Pixel Art Platformer - Village Props/Texture/TX Particle Flame.png
  artifactKey: Guid(cfcfd3af954eeb54cb041fe6d75a983b) Importer(815301076,1909f56bfc062723c751e8b465ee728b)
Start importing Assets/Cainos/Pixel Art Platformer - Village Props/Texture/TX Particle Flame.png using Guid(cfcfd3af954eeb54cb041fe6d75a983b) Importer(815301076,1909f56bfc062723c751e8b465ee728b)  -> (artifact id: '29e8cbfd73e5a2118f525430884e0f6a') in 0.014916 seconds 
  Import took 0.018200 seconds .

========================================================================
Received Import Request.
  Time since last request: 32.168169 seconds.
  path: Assets/Cainos/Pixel Art Platformer - Village Props/Texture
  artifactKey: Guid(4fb7661537e28884697bca33184bdaa0) Importer(815301076,1909f56bfc062723c751e8b465ee728b)
Start importing Assets/Cainos/Pixel Art Platformer - Village Props/Texture using Guid(4fb7661537e28884697bca33184bdaa0) Importer(815301076,1909f56bfc062723c751e8b465ee728b)  -> (artifact id: '49218b2e2a296db1cad4179661b2a9fb') in 0.007729 seconds 
  Import took 0.010846 seconds .

========================================================================
Received Import Request.
  Time since last request: 134.941647 seconds.
  path: Assets/Cainos/Pixel Art Platformer - Village Props/Prefab/PF FX Campfire Fire.prefab
  artifactKey: Guid(2b206c0d2afb3604183d9210be1d84ce) Importer(815301076,1909f56bfc062723c751e8b465ee728b)
Start importing Assets/Cainos/Pixel Art Platformer - Village Props/Prefab/PF FX Campfire Fire.prefab using Guid(2b206c0d2afb3604183d9210be1d84ce) Importer(815301076,1909f56bfc062723c751e8b465ee728b)  -> (artifact id: 'c10249b2c63f130e987ea23e70906569') in 0.018007 seconds 
  Import took 0.021170 seconds .

========================================================================
Received Import Request.
  Time since last request: 0.000183 seconds.
  path: Assets/Cainos/Pixel Art Platformer - Village Props/Prefab/PF FX Torch Fire.prefab
  artifactKey: Guid(4cfc0b96b77f5374a9242d6779dd65bf) Importer(815301076,1909f56bfc062723c751e8b465ee728b)
Start importing Assets/Cainos/Pixel Art Platformer - Village Props/Prefab/PF FX Torch Fire.prefab using Guid(4cfc0b96b77f5374a9242d6779dd65bf) Importer(815301076,1909f56bfc062723c751e8b465ee728b)  -> (artifact id: '1ce17f3f21fc55881a46c719f327a819') in 0.007159 seconds 
  Import took 0.010095 seconds .

========================================================================
Received Import Request.
  Time since last request: 0.000317 seconds.
  path: Assets/Cainos/Pixel Art Platformer - Village Props/Prefab/PF FX Fire Bowl Fire.prefab
  artifactKey: Guid(69e62f89c9d82ba4085d34eeff6f57bc) Importer(815301076,1909f56bfc062723c751e8b465ee728b)
Start importing Assets/Cainos/Pixel Art Platformer - Village Props/Prefab/PF FX Fire Bowl Fire.prefab using Guid(69e62f89c9d82ba4085d34eeff6f57bc) Importer(815301076,1909f56bfc062723c751e8b465ee728b)  -> (artifact id: 'f6be8e04405d0af0aefeb92709d5aa3c') in 0.007528 seconds 
  Import took 0.010583 seconds .

========================================================================
Received Import Request.
  Time since last request: 2.494425 seconds.
  path: Assets/Cainos/Pixel Art Platformer - Village Props/Tileset Palette/TP Ground Darken.prefab
  artifactKey: Guid(027db5ce1ff2f4142b49c3de3b59625a) Importer(815301076,1909f56bfc062723c751e8b465ee728b)
Start importing Assets/Cainos/Pixel Art Platformer - Village Props/Tileset Palette/TP Ground Darken.prefab using Guid(027db5ce1ff2f4142b49c3de3b59625a) Importer(815301076,1909f56bfc062723c751e8b465ee728b)  -> (artifact id: '5187fbea76d1824ab1541f57b0621368') in 0.007209 seconds 
  Import took 0.010359 seconds .

========================================================================
Received Import Request.
  Time since last request: 0.000250 seconds.
  path: Assets/Cainos/Pixel Art Platformer - Village Props/Tileset Palette/TP Ground.prefab
  artifactKey: Guid(a657d1104ca50f54dac2bf8d3d8e9898) Importer(815301076,1909f56bfc062723c751e8b465ee728b)
Start importing Assets/Cainos/Pixel Art Platformer - Village Props/Tileset Palette/TP Ground.prefab using Guid(a657d1104ca50f54dac2bf8d3d8e9898) Importer(815301076,1909f56bfc062723c751e8b465ee728b)  -> (artifact id: '272407c83fca12ccde6a1a52333fd453') in 0.006565 seconds 
  Import took 0.009223 seconds .

========================================================================
Received Import Request.
  Time since last request: 51.825669 seconds.
  path: Assets/Cainos/Pixel Art Platformer - Village Props/Scene/SC Demo Scene - Village Props.unity
  artifactKey: Guid(104b0d14871d44f4881963af94f49350) Importer(815301076,1909f56bfc062723c751e8b465ee728b)
Start importing Assets/Cainos/Pixel Art Platformer - Village Props/Scene/SC Demo Scene - Village Props.unity using Guid(104b0d14871d44f4881963af94f49350) Importer(815301076,1909f56bfc062723c751e8b465ee728b)  -> (artifact id: '8b8146ecce50435f9ac8c6b262c028ae') in 0.005962 seconds 
  Import took 0.009537 seconds .

AssetImportWorkerClient::OnTransportError - code=2 error=End of file
